./watchChanges.sh: line 6: inotifywait: command not found
Setting up watches.
Watches established.
Setting up watches.
Watches established.
Setting up watches.
Watches established.
./internal/ui/compositor/model.go ATTRIB 
Setting up watches.
Watches established.
./internal/ui/compositor/model.go ATTRIB 
Setting up watches.
Watches established.
./internal/ui/compositor/model.go ATTRIB 
Setting up watches.
Watches established.
./internal/ui/compositor/model.go ATTRIB 
Setting up watches.
Watches established.
./internal/ui/compositor/model.go ATTRIB 
Setting up watches.
Watches established.
./internal/ui/compositor/style.go ATTRIB 
Setting up watches.
Watches established.
./internal/ui/compositor/view.go ATTRIB 
Setting up watches.
Watches established.
./internal/ui/compositor/view.go ATTRIB 
Setting up watches.
Watches established.
./internal/ui/compositor/view.go ATTRIB 
Setting up watches.
Watches established.
./internal/ui/compositor/view.go ATTRIB 
Setting up watches.
Watches established.
./internal/ui/compositor/view.go ATTRIB 
Setting up watches.
Watches established.
./internal/ui/compositor/style.go ATTRIB 
Setting up watches.
Watches established.
./internal/ui/compositor/style.go ATTRIB 
Setting up watches.
Watches established.
./internal/ui/compositor/view.go ATTRIB 
Setting up watches.
Watches established.
./internal/ui/compositor/view.go ATTRIB 
Setting up watches.
Watches established.
./internal/ui/compositor/style.go ATTRIB 
Setting up watches.
Watches established.
./internal/ui/compositor/model.go ATTRIB 
Setting up watches.
Watches established.
./internal/ui/compositor/model.go ATTRIB 
# github.com/goferwplynie/bubbleWaffle/internal/ui/compositor
internal/ui/compositor/model.go:27:34: undefined: selected
Setting up watches.
Watches established.
./internal/ui/compositor/style.go ATTRIB 
Setting up watches.
Watches established.
./internal/ui/compositor/model.go ATTRIB 
Setting up watches.
Watches established.
./internal/ui/compositor/model.go ATTRIB 
Setting up watches.
Watches established.
./internal/ui/compositor/model.go ATTRIB 
Setting up watches.
Watches established.
./internal/ui/compositor/update.go ATTRIB 
Setting up watches.
Watches established.
